<?xml version="1.0" encoding="UTF-8"?>
<testng-results ignored="0" total="4" passed="4" failed="0" skipped="0">
  <reporter-output>
  </reporter-output>
  <suite started-at="2022-06-09T00:43:29 EDT" name="Suite" finished-at="2022-06-09T00:43:30 EDT" duration-ms="282">
    <groups>
    </groups>
    <test started-at="2022-06-09T00:43:29 EDT" name="Test" finished-at="2022-06-09T00:43:30 EDT" duration-ms="282">
      <class name="qaclickacademy.AppiumTest">
        <test-method signature="deleteTwitter()[pri:0, instance:qaclickacademy.AppiumTest@5be6e01c]" started-at="2022-06-09T00:43:30 EDT" name="deleteTwitter" finished-at="2022-06-09T00:43:30 EDT" duration-ms="27" status="PASS">
          <reporter-output>
          </reporter-output>
        </test-method> <!-- deleteTwitter -->
        <test-method signature="postJira()[pri:0, instance:qaclickacademy.AppiumTest@5be6e01c]" started-at="2022-06-09T00:43:30 EDT" name="postJira" finished-at="2022-06-09T00:43:30 EDT" duration-ms="1" status="PASS">
          <reporter-output>
          </reporter-output>
        </test-method> <!-- postJira -->
      </class> <!-- qaclickacademy.AppiumTest -->
      <class name="qaclickacademy.RestAPITest">
        <test-method signature="androidApps()[pri:0, instance:qaclickacademy.RestAPITest@1d119efb]" started-at="2022-06-09T00:43:30 EDT" name="androidApps" finished-at="2022-06-09T00:43:30 EDT" duration-ms="1" status="PASS">
          <reporter-output>
          </reporter-output>
        </test-method> <!-- androidApps -->
        <test-method signature="nativeApps()[pri:0, instance:qaclickacademy.RestAPITest@1d119efb]" started-at="2022-06-09T00:43:30 EDT" name="nativeApps" finished-at="2022-06-09T00:43:30 EDT" duration-ms="1" status="PASS">
          <reporter-output>
          </reporter-output>
        </test-method> <!-- nativeApps -->
      </class> <!-- qaclickacademy.RestAPITest -->
    </test> <!-- Test -->
  </suite> <!-- Suite -->
</testng-results>
