<?xml version="1.0" encoding="UTF-8"?>
<!-- Generated by org.testng.reporters.JUnitXMLReporter -->
<testsuite ignored="0" hostname="DESKTOP-T4TCS1T" failures="0" tests="4" name="Test" time="0.282" errors="0" timestamp="2022-06-09T00:43:30 EDT">
  <testcase classname="qaclickacademy.AppiumTest" name="deleteTwitter" time="0.027"/>
  <testcase classname="qaclickacademy.AppiumTest" name="postJira" time="0.001"/>
  <testcase classname="qaclickacademy.RestAPITest" name="androidApps" time="0.001"/>
  <testcase classname="qaclickacademy.RestAPITest" name="nativeApps" time="0.001"/>
</testsuite> <!-- Test -->
