<?xml version="1.0" encoding="UTF-8"?>
<testng-results ignored="0" total="2" passed="2" failed="0" skipped="0">
  <reporter-output>
  </reporter-output>
  <suite started-at="2022-06-08T23:54:35 EDT" name="Default suite" finished-at="2022-06-08T23:54:36 EDT" duration-ms="837">
    <groups>
    </groups>
    <test started-at="2022-06-08T23:54:35 EDT" name="Default test" finished-at="2022-06-08T23:54:36 EDT" duration-ms="837">
      <class name="qaclickacademy.RestAPI">
        <test-method signature="androidAPIApps()[pri:0, instance:qaclickacademy.RestAPI@55634720]" started-at="2022-06-08T23:54:36 EDT" name="androidAPIApps" finished-at="2022-06-08T23:54:36 EDT" duration-ms="99" status="PASS">
          <reporter-output>
          </reporter-output>
        </test-method> <!-- androidAPIApps -->
        <test-method signature="nativeAPIS()[pri:0, instance:qaclickacademy.RestAPI@55634720]" started-at="2022-06-08T23:54:36 EDT" name="nativeAPIS" finished-at="2022-06-08T23:54:36 EDT" duration-ms="7" status="PASS">
          <reporter-output>
          </reporter-output>
        </test-method> <!-- nativeAPIS -->
      </class> <!-- qaclickacademy.RestAPI -->
    </test> <!-- Default test -->
  </suite> <!-- Default suite -->
</testng-results>
